<?xml version="1.0" encoding="UTF-8"?>
<coverage generated="1603783845458" clover="3.2.0">
  <project timestamp="1603783845458" name="All files">
    <metrics statements="30" coveredstatements="30" conditionals="7" coveredconditionals="7" methods="9" coveredmethods="9" elements="46" coveredelements="46" complexity="0" loc="30" ncloc="30" packages="1" files="2" classes="2"/>
    <file name="api.js" path="/Users/camilaloiola/projects/js-test-project/src/api.js">
      <metrics statements="0" coveredstatements="0" conditionals="0" coveredconditionals="0" methods="0" coveredmethods="0"/>
    </file>
    <file name="index.js" path="/Users/camilaloiola/projects/js-test-project/src/index.js">
      <metrics statements="30" coveredstatements="30" conditionals="7" coveredconditionals="7" methods="9" coveredmethods="9"/>
      <line num="4" count="1" type="stmt"/>
      <line num="5" count="5" type="stmt"/>
      <line num="6" count="15" type="stmt"/>
      <line num="7" count="5" type="stmt"/>
      <line num="10" count="1" type="stmt"/>
      <line num="11" count="39" type="stmt"/>
      <line num="12" count="39" type="cond" truecount="2" falsecount="0"/>
      <line num="15" count="1" type="stmt"/>
      <line num="16" count="37" type="stmt"/>
      <line num="19" count="1" type="stmt"/>
      <line num="20" count="16" type="stmt"/>
      <line num="21" count="16" type="stmt"/>
      <line num="22" count="16" type="stmt"/>
      <line num="23" count="16" type="cond" truecount="3" falsecount="0"/>
      <line num="26" count="1" type="stmt"/>
      <line num="27" count="4" type="stmt"/>
      <line num="28" count="4" type="stmt"/>
      <line num="29" count="4" type="stmt"/>
      <line num="30" count="12" type="stmt"/>
      <line num="31" count="12" type="cond" truecount="2" falsecount="0"/>
      <line num="32" count="6" type="stmt"/>
      <line num="33" count="6" type="stmt"/>
      <line num="36" count="4" type="stmt"/>
      <line num="39" count="1" type="stmt"/>
      <line num="40" count="3" type="stmt"/>
      <line num="41" count="3" type="stmt"/>
      <line num="42" count="3" type="stmt"/>
      <line num="45" count="1" type="stmt"/>
      <line num="46" count="1" type="stmt"/>
      <line num="47" count="1" type="stmt"/>
    </file>
  </project>
</coverage>
