{"/Users/camilaloiola/projects/js-test-project/src/api.js": {"path":"/Users/camilaloiola/projects/js-test-project/src/api.js","statementMap":{},"fnMap":{},"branchMap":{},"s":{},"f":{},"b":{},"_coverageSchema":"1a1c01bbd47fc00a2c39e90264f33305004495a9","hash":"4eca243fa22d1731417033977e2281269824f49b"}
,"/Users/camilaloiola/projects/js-test-project/src/index.js": {"path":"/Users/camilaloiola/projects/js-test-project/src/index.js","statementMap":{"0":{"start":{"line":4,"column":40},"end":{"line":8,"column":1}},"1":{"start":{"line":5,"column":27},"end":{"line":5,"column":44}},"2":{"start":{"line":6,"column":16},"end":{"line":6,"column":60}},"3":{"start":{"line":6,"column":45},"end":{"line":6,"column":59}},"4":{"start":{"line":7,"column":2},"end":{"line":7,"column":52}},"5":{"start":{"line":10,"column":37},"end":{"line":13,"column":1}},"6":{"start":{"line":11,"column":20},"end":{"line":11,"column":50}},"7":{"start":{"line":12,"column":2},"end":{"line":12,"column":71}},"8":{"start":{"line":15,"column":30},"end":{"line":17,"column":1}},"9":{"start":{"line":16,"column":2},"end":{"line":16,"column":91}},"10":{"start":{"line":16,"column":37},"end":{"line":16,"column":87}},"11":{"start":{"line":19,"column":37},"end":{"line":24,"column":1}},"12":{"start":{"line":20,"column":30},"end":{"line":20,"column":53}},"13":{"start":{"line":21,"column":30},"end":{"line":21,"column":55}},"14":{"start":{"line":22,"column":32},"end":{"line":22,"column":83}},"15":{"start":{"line":23,"column":2},"end":{"line":23,"column":78}},"16":{"start":{"line":26,"column":52},"end":{"line":37,"column":1}},"17":{"start":{"line":27,"column":17},"end":{"line":27,"column":38}},"18":{"start":{"line":28,"column":17},"end":{"line":28,"column":41}},"19":{"start":{"line":29,"column":2},"end":{"line":35,"column":4}},"20":{"start":{"line":30,"column":25},"end":{"line":30,"column":70}},"21":{"start":{"line":31,"column":4},"end":{"line":34,"column":5}},"22":{"start":{"line":32,"column":6},"end":{"line":32,"column":29}},"23":{"start":{"line":33,"column":6},"end":{"line":33,"column":29}},"24":{"start":{"line":36,"column":2},"end":{"line":36,"column":17}},"25":{"start":{"line":39,"column":12},"end":{"line":43,"column":1}},"26":{"start":{"line":40,"column":30},"end":{"line":40,"column":60}},"27":{"start":{"line":41,"column":16},"end":{"line":41,"column":69}},"28":{"start":{"line":42,"column":2},"end":{"line":42,"column":38}},"29":{"start":{"line":45,"column":0},"end":{"line":45,"column":63}},"30":{"start":{"line":46,"column":0},"end":{"line":46,"column":62}},"31":{"start":{"line":47,"column":0},"end":{"line":47,"column":66}}},"fnMap":{"0":{"name":"(anonymous_0)","decl":{"start":{"line":4,"column":40},"end":{"line":4,"column":41}},"loc":{"start":{"line":4,"column":49},"end":{"line":8,"column":1}},"line":4},"1":{"name":"(anonymous_1)","decl":{"start":{"line":6,"column":37},"end":{"line":6,"column":38}},"loc":{"start":{"line":6,"column":45},"end":{"line":6,"column":59}},"line":6},"2":{"name":"(anonymous_2)","decl":{"start":{"line":10,"column":37},"end":{"line":10,"column":38}},"loc":{"start":{"line":10,"column":68},"end":{"line":13,"column":1}},"line":10},"3":{"name":"(anonymous_3)","decl":{"start":{"line":15,"column":30},"end":{"line":15,"column":31}},"loc":{"start":{"line":15,"column":58},"end":{"line":17,"column":1}},"line":15},"4":{"name":"(anonymous_4)","decl":{"start":{"line":16,"column":22},"end":{"line":16,"column":23}},"loc":{"start":{"line":16,"column":37},"end":{"line":16,"column":87}},"line":16},"5":{"name":"(anonymous_5)","decl":{"start":{"line":19,"column":37},"end":{"line":19,"column":38}},"loc":{"start":{"line":19,"column":89},"end":{"line":24,"column":1}},"line":19},"6":{"name":"(anonymous_6)","decl":{"start":{"line":26,"column":52},"end":{"line":26,"column":53}},"loc":{"start":{"line":26,"column":73},"end":{"line":37,"column":1}},"line":26},"7":{"name":"(anonymous_7)","decl":{"start":{"line":29,"column":17},"end":{"line":29,"column":18}},"loc":{"start":{"line":29,"column":33},"end":{"line":35,"column":3}},"line":29},"8":{"name":"(anonymous_8)","decl":{"start":{"line":39,"column":12},"end":{"line":39,"column":13}},"loc":{"start":{"line":39,"column":21},"end":{"line":43,"column":1}},"line":39}},"branchMap":{"0":{"loc":{"start":{"line":12,"column":15},"end":{"line":12,"column":60}},"type":"cond-expr","locations":[{"start":{"line":12,"column":27},"end":{"line":12,"column":42}},{"start":{"line":12,"column":45},"end":{"line":12,"column":60}}],"line":12},"1":{"loc":{"start":{"line":23,"column":9},"end":{"line":23,"column":78}},"type":"binary-expr","locations":[{"start":{"line":23,"column":9},"end":{"line":23,"column":28}},{"start":{"line":23,"column":33},"end":{"line":23,"column":52}},{"start":{"line":23,"column":56},"end":{"line":23,"column":77}}],"line":23},"2":{"loc":{"start":{"line":31,"column":4},"end":{"line":34,"column":5}},"type":"if","locations":[{"start":{"line":31,"column":4},"end":{"line":34,"column":5}},{"start":{"line":31,"column":4},"end":{"line":34,"column":5}}],"line":31}},"s":{"0":1,"1":5,"2":5,"3":15,"4":5,"5":1,"6":39,"7":39,"8":1,"9":14,"10":37,"11":1,"12":16,"13":16,"14":16,"15":16,"16":1,"17":4,"18":4,"19":4,"20":12,"21":12,"22":6,"23":6,"24":4,"25":1,"26":3,"27":3,"28":3,"29":1,"30":1,"31":1},"f":{"0":5,"1":15,"2":39,"3":14,"4":37,"5":16,"6":4,"7":12,"8":3},"b":{"0":[15,24],"1":[16,10,3],"2":[6,6]},"_coverageSchema":"1a1c01bbd47fc00a2c39e90264f33305004495a9","hash":"e5bd7a3ecbeb5f60c486464f765f1acd2b801fe0"}
}
