TN:
SF:src/api.js
FNF:0
FNH:0
LF:0
LH:0
BRF:0
BRH:0
end_of_record
TN:
SF:src/index.js
FN:4,(anonymous_0)
FN:6,(anonymous_1)
FN:10,(anonymous_2)
FN:15,(anonymous_3)
FN:16,(anonymous_4)
FN:19,(anonymous_5)
FN:26,(anonymous_6)
FN:29,(anonymous_7)
FN:39,(anonymous_8)
FNF:9
FNH:9
FNDA:5,(anonymous_0)
FNDA:15,(anonymous_1)
FNDA:39,(anonymous_2)
FNDA:14,(anonymous_3)
FNDA:37,(anonymous_4)
FNDA:16,(anonymous_5)
FNDA:4,(anonymous_6)
FNDA:12,(anonymous_7)
FNDA:3,(anonymous_8)
DA:4,1
DA:5,5
DA:6,15
DA:7,5
DA:10,1
DA:11,39
DA:12,39
DA:15,1
DA:16,37
DA:19,1
DA:20,16
DA:21,16
DA:22,16
DA:23,16
DA:26,1
DA:27,4
DA:28,4
DA:29,4
DA:30,12
DA:31,12
DA:32,6
DA:33,6
DA:36,4
DA:39,1
DA:40,3
DA:41,3
DA:42,3
DA:45,1
DA:46,1
DA:47,1
LF:30
LH:30
BRDA:12,0,0,15
BRDA:12,0,1,24
BRDA:23,1,0,16
BRDA:23,1,1,10
BRDA:23,1,2,3
BRDA:31,2,0,6
BRDA:31,2,1,6
BRF:7
BRH:7
end_of_record
